<?xml version="1.0" encoding="UTF-8"?>
<!-- Generated by org.testng.reporters.JUnitReportReporter -->
<testsuite hostname="Syeds-MBP-2.fios-router.home" failures="0" tests="2" name="com.PHPtravels.testCases.userAccountTest" time="10.397" errors="0" timestamp="2021-09-15T13:51:39 EDT" skipped="0">
  <testcase classname="com.PHPtravels.testCases.userAccountTest" name="deleteUsers" time="10.387"/>
  <system-out/>
  <testcase classname="com.PHPtravels.testCases.userAccountTest" name="addUser" time="0.010"/>
  <system-out/>
</testsuite> <!-- com.PHPtravels.testCases.userAccountTest -->
